<?xml version="1.0" encoding="UTF-8"?>
<!-- Generated by org.testng.reporters.JUnitReportReporter -->
<testsuite skipped="0" hostname="Ammar" name="com.qa.ispeakbetter.tests.LoginPageTest" tests="1" failures="0" timestamp="2021-05-19T13:36:06 EDT" time="20.080" errors="0">
  <testcase name="testLogin" time="20.080" classname="com.qa.ispeakbetter.tests.LoginPageTest"/>
  <system-out/>
</testsuite> <!-- com.qa.ispeakbetter.tests.LoginPageTest -->
