<?xml version="1.0" encoding="UTF-8"?>
<!-- Generated by org.testng.reporters.JUnitReportReporter -->
<testsuite skipped="0" hostname="Ammar" name="com.qa.ispeakbetter.tests.LoginPageTest" tests="3" failures="0" timestamp="2021-05-19T13:42:24 EDT" time="45.484" errors="0">
  <testcase name="testPageTitle" time="13.552" classname="com.qa.ispeakbetter.tests.LoginPageTest"/>
  <system-out/>
  <testcase name="testLogin" time="18.724" classname="com.qa.ispeakbetter.tests.LoginPageTest"/>
  <system-out/>
  <testcase name="filexiblePackage" time="13.208" classname="com.qa.ispeakbetter.tests.LoginPageTest"/>
  <system-out/>
</testsuite> <!-- com.qa.ispeakbetter.tests.LoginPageTest -->
